{
  "RSpec": {
    "coverage": {
      "/Users/mateus/dev/rails-todo-ddd/app/contexts/todos/application/services/create_todo_item_service.rb": {
        "lines": [
          1,
          1,
          1,
          1,
          1,
          null,
          null,
          null,
          null,
          7,
          7,
          7,
          null,
          null,
          1,
          7,
          7,
          6,
          null,
          4,
          null,
          null,
          null,
          1,
          null,
          1,
          7,
          null,
          null,
          null,
          null,
          null,
          6,
          null,
          null,
          1,
          4,
          null,
          4,
          null,
          4,
          4,
          2,
          null,
          null,
          null,
          1,
          7,
          null,
          null,
          1,
          7,
          null,
          null,
          1,
          7,
          null,
          null,
          null,
          null,
          null,
          null
        ]
      },
      "/Users/mateus/dev/rails-todo-ddd/app/contexts/todos/application/services/delete_todo_item_service.rb": {
        "lines": [
          1,
          1,
          1,
          1,
          1,
          null,
          null,
          null,
          7,
          7,
          null,
          null,
          1,
          7,
          7,
          6,
          6,
          null,
          null,
          null,
          1,
          null,
          1,
          7,
          7,
          null,
          6,
          null,
          null,
          1,
          6,
          6,
          null,
          null,
          1,
          2,
          null,
          null,
          1,
          2,
          null,
          null,
          null,
          null,
          null
        ]
      },
      "/Users/mateus/dev/rails-todo-ddd/app/contexts/todos/application/services/list_todo_items_service.rb": {
        "lines": [
          1,
          1,
          1,
          1,
          1,
          7,
          null,
          null,
          1,
          7,
          null,
          null,
          1,
          null,
          1,
          3,
          null,
          null,
          null,
          null,
          null
        ]
      },
      "/Users/mateus/dev/rails-todo-ddd/app/contexts/todos/application/services/update_todo_item_service.rb": {
        "lines": [
          1,
          1,
          1,
          1,
          1,
          null,
          null,
          null,
          null,
          10,
          10,
          10,
          null,
          null,
          1,
          10,
          10,
          10,
          10,
          9,
          8,
          7,
          null,
          null,
          8,
          null,
          null,
          null,
          1,
          null,
          1,
          10,
          10,
          null,
          10,
          null,
          null,
          1,
          8,
          null,
          null,
          1,
          10,
          10,
          10,
          null,
          10,
          null,
          9,
          null,
          null,
          1,
          7,
          1,
          null,
          null,
          null,
          1,
          3,
          null,
          3,
          null,
          3,
          null,
          3,
          3,
          2,
          null,
          null,
          null,
          1,
          7,
          null,
          7,
          7,
          null,
          7,
          null,
          3,
          null,
          null,
          1,
          10,
          null,
          null,
          1,
          10,
          null,
          null,
          1,
          10,
          null,
          null,
          null,
          null,
          null
        ]
      },
      "/Users/mateus/dev/rails-todo-ddd/app/contexts/todos/domain/entities/todo_item.rb": {
        "lines": [
          1,
          1,
          1,
          1,
          1,
          1,
          null,
          1,
          133,
          133,
          133,
          133,
          133,
          133,
          133,
          133,
          null,
          133,
          null,
          null,
          1,
          133,
          null,
          3,
          null,
          null,
          1,
          24,
          2,
          null,
          null,
          1,
          10,
          9,
          null,
          null,
          1,
          11,
          10,
          null,
          null,
          1,
          10,
          9,
          null,
          null,
          null,
          null,
          null
        ]
      },
      "/Users/mateus/dev/rails-todo-ddd/app/contexts/todos/domain/entities/todo_item_dependency_link.rb": {
        "lines": [
          1,
          1,
          1,
          1,
          1,
          null,
          1,
          7,
          7,
          7,
          7,
          null,
          7,
          null,
          null,
          1,
          null,
          1,
          7,
          null,
          3,
          null,
          null,
          null,
          null,
          null
        ]
      },
      "/Users/mateus/dev/rails-todo-ddd/app/contexts/todos/domain/errors/argument_error.rb": {
        "lines": [
          1,
          1,
          1,
          1,
          null,
          null,
          null
        ]
      },
      "/Users/mateus/dev/rails-todo-ddd/app/contexts/todos/domain/errors/base_error.rb": {
        "lines": [
          1,
          1,
          1,
          1,
          null,
          null,
          null
        ]
      },
      "/Users/mateus/dev/rails-todo-ddd/app/contexts/todos/domain/errors/record_not_found_error.rb": {
        "lines": [
          1,
          1,
          1,
          1,
          null,
          null,
          null
        ]
      },
      "/Users/mateus/dev/rails-todo-ddd/app/contexts/todos/domain/errors/validation_error.rb": {
        "lines": [
          1,
          1,
          1,
          1,
          null,
          null,
          null
        ]
      },
      "/Users/mateus/dev/rails-todo-ddd/app/contexts/todos/domain/repositories/todo_item_dependency_link_repository.rb": {
        "lines": [
          1,
          1,
          1,
          1,
          1,
          0,
          null,
          null,
          1,
          0,
          null,
          null,
          1,
          0,
          null,
          null,
          null,
          null,
          null
        ]
      },
      "/Users/mateus/dev/rails-todo-ddd/app/contexts/todos/domain/repositories/todo_item_repository.rb": {
        "lines": [
          1,
          1,
          1,
          1,
          1,
          0,
          null,
          null,
          1,
          0,
          null,
          null,
          1,
          0,
          null,
          null,
          1,
          0,
          null,
          null,
          1,
          0,
          null,
          null,
          1,
          0,
          null,
          null,
          1,
          0,
          null,
          null,
          1,
          0,
          null,
          null,
          1,
          0,
          null,
          null,
          null,
          null,
          null
        ]
      },
      "/Users/mateus/dev/rails-todo-ddd/app/contexts/todos/domain/services/todo_item_dependency_cascade_service.rb": {
        "lines": [
          1,
          1,
          1,
          1,
          1,
          12,
          12,
          null,
          null,
          1,
          12,
          null,
          null,
          1,
          null,
          1,
          25,
          24,
          null,
          24,
          24,
          null,
          24,
          13,
          null,
          null,
          24,
          null,
          null,
          null,
          null,
          null
        ]
      },
      "/Users/mateus/dev/rails-todo-ddd/app/contexts/todos/domain/specifications/base_specification.rb": {
        "lines": [
          1,
          1,
          1,
          1,
          1,
          0,
          null,
          null,
          null,
          null,
          null
        ]
      },
      "/Users/mateus/dev/rails-todo-ddd/app/contexts/todos/domain/specifications/todo_item_dependency_specification.rb": {
        "lines": [
          1,
          1,
          1,
          1,
          1,
          15,
          15,
          null,
          null,
          1,
          15,
          14,
          13,
          11,
          null,
          null,
          1,
          null,
          1,
          15,
          null,
          1,
          null,
          null,
          1,
          14,
          null,
          1,
          null,
          null,
          1,
          13,
          null,
          2,
          null,
          null,
          1,
          11,
          null,
          6,
          null,
          null,
          null,
          null,
          null
        ]
      },
      "/Users/mateus/dev/rails-todo-ddd/app/contexts/todos/infrastructure/mappers/todo_item_mapper.rb": {
        "lines": [
          1,
          1,
          1,
          1,
          1,
          98,
          null,
          98,
          null,
          null,
          null,
          null,
          null,
          null,
          null,
          null,
          98,
          68,
          69,
          null,
          null,
          98,
          null,
          null,
          1,
          null,
          15,
          null,
          null,
          null,
          null,
          null,
          null,
          null,
          null
        ]
      },
      "/Users/mateus/dev/rails-todo-ddd/app/contexts/todos/infrastructure/persistence/active_record/todo_item_dependency_link_record.rb": {
        "lines": [
          1,
          1,
          1,
          1,
          1,
          1,
          null,
          1,
          null,
          null,
          null,
          1,
          null,
          null,
          null,
          1,
          1,
          null,
          null,
          null,
          null,
          null
        ]
      },
      "/Users/mateus/dev/rails-todo-ddd/app/models/application_record.rb": {
        "lines": [
          1,
          1,
          null
        ]
      },
      "/Users/mateus/dev/rails-todo-ddd/app/contexts/todos/infrastructure/persistence/active_record/todo_item_record.rb": {
        "lines": [
          1,
          1,
          1,
          1,
          1,
          1,
          null,
          1,
          null,
          null,
          null,
          null,
          1,
          null,
          null,
          null,
          1,
          null,
          null,
          null,
          null,
          1,
          null,
          null,
          null,
          1,
          1,
          null,
          null,
          null,
          null,
          null
        ]
      },
      "/Users/mateus/dev/rails-todo-ddd/app/contexts/todos/infrastructure/persistence/repositories/todo_item_dependency_link_repository_impl.rb": {
        "lines": [
          1,
          1,
          1,
          1,
          1,
          1,
          4,
          null,
          null,
          null,
          null,
          4,
          null,
          null,
          null,
          null,
          null,
          null,
          null,
          1,
          9,
          null,
          null,
          1,
          6,
          null,
          null,
          1,
          null,
          1,
          19,
          null,
          null,
          null,
          null,
          null,
          null,
          null
        ]
      },
      "/Users/mateus/dev/rails-todo-ddd/app/contexts/todos/infrastructure/persistence/repositories/todo_item_repository_impl.rb": {
        "lines": [
          1,
          1,
          1,
          1,
          1,
          1,
          6,
          6,
          null,
          6,
          null,
          null,
          1,
          7,
          7,
          null,
          6,
          null,
          null,
          1,
          43,
          null,
          null,
          null,
          43,
          null,
          34,
          null,
          null,
          1,
          7,
          null,
          7,
          null,
          null,
          null,
          14,
          null,
          null,
          1,
          7,
          null,
          null,
          null,
          26,
          null,
          null,
          1,
          9,
          9,
          9,
          null,
          9,
          9,
          null,
          null,
          1,
          3,
          null,
          3,
          null,
          null,
          null,
          null,
          1,
          11,
          null,
          null,
          null,
          null,
          1,
          6,
          null,
          null,
          1,
          null,
          1,
          88,
          null,
          null,
          1,
          11,
          null,
          null,
          null,
          null,
          null,
          null
        ]
      },
      "/Users/mateus/dev/rails-todo-ddd/app/contexts/todos/presentation/serializers/todo_item_dependency_serializer.rb": {
        "lines": [
          1,
          1,
          1,
          1,
          1,
          4,
          null,
          null,
          1,
          null,
          4,
          null,
          null,
          null,
          null,
          null,
          null,
          null,
          null
        ]
      },
      "/Users/mateus/dev/rails-todo-ddd/app/contexts/todos/presentation/serializers/todo_item_serializer.rb": {
        "lines": [
          1,
          1,
          1,
          1,
          1,
          12,
          null,
          null,
          1,
          null,
          12,
          null,
          null,
          null,
          null,
          null,
          2,
          2,
          null,
          null,
          null,
          1,
          10,
          null,
          null,
          null,
          null,
          null
        ]
      },
      "/Users/mateus/dev/rails-todo-ddd/app/controllers/api/v1/todo_items_controller.rb": {
        "lines": [
          1,
          1,
          1,
          1,
          null,
          1,
          1,
          null,
          1,
          3,
          3,
          null,
          3,
          null,
          null,
          1,
          1,
          null,
          null,
          1,
          4,
          4,
          null,
          2,
          null,
          null,
          1,
          2,
          2,
          null,
          2,
          null,
          null,
          1,
          2,
          2,
          null,
          2,
          null,
          null,
          1,
          null,
          1,
          8,
          8,
          null,
          8,
          null,
          null,
          1,
          6,
          6,
          6,
          null,
          null,
          1,
          2,
          null,
          null,
          1,
          3,
          null,
          null,
          null,
          null
        ]
      },
      "/Users/mateus/dev/rails-todo-ddd/app/controllers/application_controller.rb": {
        "lines": [
          1,
          null
        ]
      }
    },
    "timestamp": 1763262077
  }
}
